<?xml version="1.0" encoding="UTF-8"?>
<!-- Generated by org.testng.reporters.JUnitReportReporter -->
<testsuite hostname="karthik" failures="0" tests="1" name="com.requsetchaining.RequestChainingTest" time="5.792" errors="0" timestamp="2022-02-11T13:24:43 IST" skipped="0">
  <testcase classname="com.requsetchaining.RequestChainingTest" name="request" time="5.792"/>
  <system-out/>
</testsuite> <!-- com.requsetchaining.RequestChainingTest -->
