<?xml version="1.0" encoding="UTF-8"?>
<!-- Generated by org.testng.reporters.JUnitReportReporter -->
<testsuite hostname="karthik" failures="0" tests="1" name="com.authentication.Auth2Test" time="6.297" errors="0" timestamp="2022-02-11T16:57:10 IST" skipped="0">
  <testcase classname="com.authentication.Auth2Test" name="auth" time="6.297"/>
  <system-out/>
</testsuite> <!-- com.authentication.Auth2Test -->
