<?xml version="1.0" encoding="UTF-8"?>
<!-- Generated by org.testng.reporters.JUnitReportReporter -->
<testsuite hostname="karthik" failures="0" tests="1" name="practaceWithBDD.DeleteResouece" time="3.499" errors="0" timestamp="2022-02-10T14:11:42 IST" skipped="0">
  <testcase classname="practaceWithBDD.DeleteResouece" name="delete" time="3.499"/>
  <system-out/>
</testsuite> <!-- practaceWithBDD.DeleteResouece -->
