<?xml version="1.0" encoding="UTF-8"?>
<!-- Generated by org.testng.reporters.JUnitReportReporter -->
<testsuite hostname="karthik" failures="0" tests="1" name="DiffrentWaysToPostRequest.CreateResourseUsingPojoTest" time="4.178" errors="0" timestamp="2022-02-10T14:42:13 IST" skipped="0">
  <testcase classname="DiffrentWaysToPostRequest.CreateResourseUsingPojoTest" name="create" time="4.178"/>
  <system-out/>
</testsuite> <!-- DiffrentWaysToPostRequest.CreateResourseUsingPojoTest -->
