<?xml version="1.0" encoding="UTF-8"?>
<!-- Generated by org.testng.reporters.JUnitReportReporter -->
<testsuite hostname="karthik" failures="0" tests="1" name="com.parameters.PathParametersTest" time="12.563" errors="0" timestamp="2022-02-11T13:25:37 IST" skipped="0">
  <testcase classname="com.parameters.PathParametersTest" name="param" time="12.563"/>
  <system-out/>
</testsuite> <!-- com.parameters.PathParametersTest -->
