<?xml version="1.0" encoding="UTF-8"?>
<!-- Generated by org.testng.reporters.JUnitReportReporter -->
<testsuite hostname="karthik" failures="0" tests="1" name="com.parameters.ParametersTest" time="6.134" errors="0" timestamp="2022-02-11T13:12:28 IST" skipped="0">
  <testcase classname="com.parameters.ParametersTest" name="params" time="6.134"/>
  <system-out/>
</testsuite> <!-- com.parameters.ParametersTest -->
