<?xml version="1.0" encoding="UTF-8"?>
<!-- Generated by org.testng.reporters.JUnitReportReporter -->
<testsuite hostname="karthik" failures="0" tests="2" name="com.authentication.AuthenticationsTest" time="3.881" errors="0" timestamp="2022-02-11T16:18:51 IST" skipped="0">
  <testcase classname="com.authentication.AuthenticationsTest" name="preemptiveAuth" time="0.233"/>
  <system-out/>
  <testcase classname="com.authentication.AuthenticationsTest" name="digestiveAuth" time="3.648"/>
  <system-out/>
</testsuite> <!-- com.authentication.AuthenticationsTest -->
