<?xml version="1.0" encoding="UTF-8"?>
<!-- Generated by org.testng.reporters.JUnitReportReporter -->
<testsuite hostname="karthik" failures="0" tests="1" name="com.parameters.QueryParamtersTest" time="7.346" errors="0" timestamp="2022-02-11T12:42:05 IST" skipped="0">
  <testcase classname="com.parameters.QueryParamtersTest" name="parameter" time="7.346"/>
  <system-out/>
</testsuite> <!-- com.parameters.QueryParamtersTest -->
