<?xml version="1.0" encoding="UTF-8"?>
<!-- Generated by org.testng.reporters.JUnitReportReporter -->
<testsuite hostname="karthik" failures="0" tests="1" name="practaceWithBDD.GetAllResource" time="3.352" errors="0" timestamp="2022-02-10T12:37:27 IST" skipped="0">
  <testcase classname="practaceWithBDD.GetAllResource" name="getallresource" time="3.352"/>
  <system-out/>
</testsuite> <!-- practaceWithBDD.GetAllResource -->
