<?xml version="1.0" encoding="UTF-8"?>
<!-- Generated by org.testng.reporters.JUnitReportReporter -->
<testsuite hostname="karthik" failures="0" tests="1" name="com.authentication.BasicOathTest" time="5.923" errors="0" timestamp="2022-02-11T15:57:39 IST" skipped="0">
  <testcase classname="com.authentication.BasicOathTest" name="oathtest" time="5.923"/>
  <system-out/>
</testsuite> <!-- com.authentication.BasicOathTest -->
