<?xml version="1.0" encoding="UTF-8"?>
<!-- Generated by org.testng.reporters.JUnitReportReporter -->
<testsuite hostname="karthik" failures="0" tests="1" name="com.authentication.BearerTokenTest" time="4.600" errors="0" timestamp="2022-02-11T16:26:57 IST" skipped="0">
  <testcase classname="com.authentication.BearerTokenTest" name="bearertoken" time="4.600"/>
  <system-out/>
</testsuite> <!-- com.authentication.BearerTokenTest -->
