<?xml version="1.0" encoding="UTF-8"?>
<!-- Generated by org.testng.reporters.JUnitReportReporter -->
<testsuite hostname="karthik" failures="0" tests="1" name="DiffrentWaysToPostRequest.CreateResourseUsingJSONfileTest" time="4.370" errors="0" timestamp="2022-02-10T15:07:56 IST" skipped="0">
  <testcase classname="DiffrentWaysToPostRequest.CreateResourseUsingJSONfileTest" name="create" time="4.370"/>
  <system-out/>
</testsuite> <!-- DiffrentWaysToPostRequest.CreateResourseUsingJSONfileTest -->
